<?xml version="1.0" encoding="UTF-8"?>
<testsuites name="jest tests" tests="5" failures="0" errors="0" time="6.621">
  <testsuite name="undefined" errors="0" failures="0" skipped="0" timestamp="2021-10-22T17:35:38" time="6.49" tests="5">
    <testcase classname=" should not throw 404 while calling create endpoint" name=" should not throw 404 while calling create endpoint" time="0.048">
    </testcase>
    <testcase classname=" should throw 401 error if token isnot provided" name=" should throw 401 error if token isnot provided" time="0.017">
    </testcase>
    <testcase classname=" should throw 401 error if token is invalid" name=" should throw 401 error if token is invalid" time="0.012">
    </testcase>
    <testcase classname=" should throw 400 if bank of that id not found" name=" should throw 400 if bank of that id not found" time="0.133">
    </testcase>
    <testcase classname=" should return updated name and interest" name=" should return updated name and interest" time="0.106">
    </testcase>
  </testsuite>
</testsuites>