<?xml version="1.0" encoding="UTF-8"?>
<testsuites name="jest tests" tests="64" failures="0" errors="0" time="13.968">
  <testsuite name="undefined" errors="0" failures="0" skipped="0" timestamp="2021-10-22T18:40:31" time="7.524" tests="4">
    <testcase classname=" should not throw 404 while calling create endpoint" name=" should not throw 404 while calling create endpoint" time="0.041">
    </testcase>
    <testcase classname=" should throw 401 if token not given" name=" should throw 401 if token not given" time="0.029">
    </testcase>
    <testcase classname=" should throw 400 if expense is not found" name=" should throw 400 if expense is not found" time="0.184">
    </testcase>
    <testcase classname=" should throw 200 and successfully delete expense" name=" should throw 200 and successfully delete expense" time="0.126">
    </testcase>
  </testsuite>
  <testsuite name="undefined" errors="0" failures="0" skipped="0" timestamp="2021-10-22T18:40:31" time="8.032" tests="8">
    <testcase classname=" should not throw 404 while calling create endpoint" name=" should not throw 404 while calling create endpoint" time="0.082">
    </testcase>
    <testcase classname=" should throw 401 error if token isnot provided" name=" should throw 401 error if token isnot provided" time="0.021">
    </testcase>
    <testcase classname=" should throw 401 error if token is invalid" name=" should throw 401 error if token is invalid" time="0.009">
    </testcase>
    <testcase classname=" should throw 400 error if name isnot provided" name=" should throw 400 error if name isnot provided" time="0.167">
    </testcase>
    <testcase classname=" should throw 400 error if amount isnot provided" name=" should throw 400 error if amount isnot provided" time="0.141">
    </testcase>
    <testcase classname=" should throw 400 error if date is absent" name=" should throw 400 error if date is absent" time="0.138">
    </testcase>
    <testcase classname=" shouldthrow 201 if data created successfull" name=" shouldthrow 201 if data created successfull" time="0.101">
    </testcase>
    <testcase classname=" should throw 201 and should have data if data created successfull" name=" should throw 201 and should have data if data created successfull" time="0.128">
    </testcase>
  </testsuite>
  <testsuite name="undefined" errors="0" failures="0" skipped="0" timestamp="2021-10-22T18:40:38" time="0.848" tests="3">
    <testcase classname=" should not throw 404 while calling get endpoint" name=" should not throw 404 while calling get endpoint" time="0.022">
    </testcase>
    <testcase classname=" should not throw 401 not authorized if token invalid" name=" should not throw 401 not authorized if token invalid" time="0.015">
    </testcase>
    <testcase classname=" should throw data while calling get endpoint" name=" should throw data while calling get endpoint" time="0.139">
    </testcase>
  </testsuite>
  <testsuite name="undefined" errors="0" failures="0" skipped="0" timestamp="2021-10-22T18:40:39" time="1.255" tests="5">
    <testcase classname=" should not throw 404 while calling get endpoint" name=" should not throw 404 while calling get endpoint" time="0.026">
    </testcase>
    <testcase classname=" should not throw 401 not authorized if token invalid" name=" should not throw 401 not authorized if token invalid" time="0.013">
    </testcase>
    <testcase classname=" should throw data while calling get endpoint" name=" should throw data while calling get endpoint" time="0.126">
    </testcase>
    <testcase classname=" should return results and total and both should be number" name=" should return results and total and both should be number" time="0.138">
    </testcase>
    <testcase classname=" should return exact limit data provided in query" name=" should return exact limit data provided in query" time="0.131">
    </testcase>
  </testsuite>
  <testsuite name="undefined" errors="0" failures="0" skipped="0" timestamp="2021-10-22T18:40:39" time="1.096" tests="6">
    <testcase classname=" should not throw 404 while calling create endpoint" name=" should not throw 404 while calling create endpoint" time="0.024">
    </testcase>
    <testcase classname=" should throw 401 error if token isnot provided" name=" should throw 401 error if token isnot provided" time="0.018">
    </testcase>
    <testcase classname=" should throw 401 error if token is invalid" name=" should throw 401 error if token is invalid" time="0.01">
    </testcase>
    <testcase classname=" should throw 400 if bank of that id not found" name=" should throw 400 if bank of that id not found" time="0.15">
    </testcase>
    <testcase classname=" should return updated name and interest" name=" should return updated name and interest" time="0.173">
    </testcase>
    <testcase classname=" should return updated active status" name=" should return updated active status" time="0.164">
    </testcase>
  </testsuite>
  <testsuite name="undefined" errors="0" failures="0" skipped="0" timestamp="2021-10-22T18:40:40" time="1.309" tests="6">
    <testcase classname=" should not throw 404 while calling create endpoint" name=" should not throw 404 while calling create endpoint" time="0.055">
    </testcase>
    <testcase classname=" should throw 401 error if token isnot provided" name=" should throw 401 error if token isnot provided" time="0.014">
    </testcase>
    <testcase classname=" should throw 401 error if token is invalid" name=" should throw 401 error if token is invalid" time="0.009">
    </testcase>
    <testcase classname=" should throw 400 if bank of that id not found" name=" should throw 400 if bank of that id not found" time="0.144">
    </testcase>
    <testcase classname=" should return name and interest of bank after creation" name=" should return name and interest of bank after creation" time="0.145">
    </testcase>
    <testcase classname=" should return bank and active true" name=" should return bank and active true" time="0.11">
    </testcase>
  </testsuite>
  <testsuite name="undefined" errors="0" failures="0" skipped="0" timestamp="2021-10-22T18:40:40" time="1.689" tests="8">
    <testcase classname=" should not throw 404 while calling create endpoint" name=" should not throw 404 while calling create endpoint" time="0.097">
    </testcase>
    <testcase classname=" should throw 401 error if token isnot provided" name=" should throw 401 error if token isnot provided" time="0.016">
    </testcase>
    <testcase classname=" should throw 400 if name isn&apos;t provided" name=" should throw 400 if name isn&apos;t provided" time="0.116">
    </testcase>
    <testcase classname=" should throw 400 if interest isn&apos;t provided" name=" should throw 400 if interest isn&apos;t provided" time="0.125">
    </testcase>
    <testcase classname=" should throw 401 error if token is invalid" name=" should throw 401 error if token is invalid" time="0.012">
    </testcase>
    <testcase classname=" should throw 400 if bank of the name alerady exist" name=" should throw 400 if bank of the name alerady exist" time="0.121">
    </testcase>
    <testcase classname=" should return name and interest of bank after creation" name=" should return name and interest of bank after creation" time="0.131">
    </testcase>
    <testcase classname=" should return bank and active true" name=" should return bank and active true" time="0.113">
    </testcase>
  </testsuite>
  <testsuite name="undefined" errors="0" failures="0" skipped="0" timestamp="2021-10-22T18:40:42" time="1.103" tests="8">
    <testcase classname=" should not throw 404 when hitting signup endpoint" name=" should not throw 404 when hitting signup endpoint" time="0.032">
    </testcase>
    <testcase classname=" should throw 400 status when name is empty" name=" should throw 400 status when name is empty" time="0.014">
    </testcase>
    <testcase classname=" should throw 400 status when email is empty" name=" should throw 400 status when email is empty" time="0.011">
    </testcase>
    <testcase classname=" should throw 400 status when email is invalid" name=" should throw 400 status when email is invalid" time="0.008">
    </testcase>
    <testcase classname=" should throw 400 status when password is empty" name=" should throw 400 status when password is empty" time="0.01">
    </testcase>
    <testcase classname=" should throw 400 status when email is already taken" name=" should throw 400 status when email is already taken" time="0.131">
    </testcase>
    <testcase classname=" password should be hashed when signup" name=" password should be hashed when signup" time="0.084">
    </testcase>
    <testcase classname=" should throw 201 status when  user created succesfully" name=" should throw 201 status when  user created succesfully" time="0.106">
    </testcase>
  </testsuite>
  <testsuite name="undefined" errors="0" failures="0" skipped="0" timestamp="2021-10-22T18:40:42" time="1.383" tests="8">
    <testcase classname=" should not throw 404 while calling signin endpoint" name=" should not throw 404 while calling signin endpoint" time="0.025">
    </testcase>
    <testcase classname=" should throw 400 when email is missing" name=" should throw 400 when email is missing" time="0.008">
    </testcase>
    <testcase classname=" should throw 400 when password is missing" name=" should throw 400 when password is missing" time="0.024">
    </testcase>
    <testcase classname=" should throw 400 when email and password are missing" name=" should throw 400 when email and password are missing" time="0.008">
    </testcase>
    <testcase classname=" should throw 400 when when when is not register" name=" should throw 400 when when when is not register" time="0.011">
    </testcase>
    <testcase classname=" fails when an incorrect password is supplied" name=" fails when an incorrect password is supplied" time="0.197">
    </testcase>
    <testcase classname=" responds with a access token when given valid credentials" name=" responds with a access token when given valid credentials" time="0.191">
    </testcase>
    <testcase classname=" should have lastLogged in field when new user login" name=" should have lastLogged in field when new user login" time="0.179">
    </testcase>
  </testsuite>
  <testsuite name="undefined" errors="0" failures="0" skipped="0" timestamp="2021-10-22T18:40:43" time="0.888" tests="4">
    <testcase classname=" should not throw 404 while calling get endpoint" name=" should not throw 404 while calling get endpoint" time="0.016">
    </testcase>
    <testcase classname=" should throw 401 not authorized if token invalid" name=" should throw 401 not authorized if token invalid" time="0.018">
    </testcase>
    <testcase classname=" should throw data while calling get endpoint" name=" should throw data while calling get endpoint" time="0.162">
    </testcase>
    <testcase classname=" should throw data only of the user" name=" should throw data only of the user" time="0.132">
    </testcase>
  </testsuite>
  <testsuite name="undefined" errors="0" failures="0" skipped="0" timestamp="2021-10-22T18:40:43" time="1.06" tests="4">
    <testcase classname=" should not throw 404 while calling get endpoint" name=" should not throw 404 while calling get endpoint" time="0.057">
    </testcase>
    <testcase classname=" should throw 401 if token not given" name=" should throw 401 if token not given" time="0.023">
    </testcase>
    <testcase classname=" should throw 400 if expense not found" name=" should throw 400 if expense not found" time="0.103">
    </testcase>
    <testcase classname=" should throw 200 and successfully update expense" name=" should throw 200 and successfully update expense" time="0.11">
    </testcase>
  </testsuite>
</testsuites>