<?xml version="1.0" encoding="UTF-8"?>
<testsuites name="jest tests" tests="54" failures="0" errors="0" time="12.114">
  <testsuite name="undefined" errors="0" failures="0" skipped="0" timestamp="2021-09-28T18:05:42" time="6.643" tests="8">
    <testcase classname=" should not throw 404 while calling create endpoint" name=" should not throw 404 while calling create endpoint" time="0.065">
    </testcase>
    <testcase classname=" should throw 401 error if token isnot provided" name=" should throw 401 error if token isnot provided" time="0.032">
    </testcase>
    <testcase classname=" should throw 401 error if token is invalid" name=" should throw 401 error if token is invalid" time="0.008">
    </testcase>
    <testcase classname=" should throw 400 error if name isnot provided" name=" should throw 400 error if name isnot provided" time="0.195">
    </testcase>
    <testcase classname=" should throw 400 error if amount isnot provided" name=" should throw 400 error if amount isnot provided" time="0.143">
    </testcase>
    <testcase classname=" should throw 400 error if date is absent" name=" should throw 400 error if date is absent" time="0.11">
    </testcase>
    <testcase classname=" shouldthrow 201 if data created successfull" name=" shouldthrow 201 if data created successfull" time="0.13">
    </testcase>
    <testcase classname=" should throw 201 and should have data if data created successfull" name=" should throw 201 and should have data if data created successfull" time="0.124">
    </testcase>
  </testsuite>
  <testsuite name="undefined" errors="0" failures="0" skipped="0" timestamp="2021-09-28T18:05:49" time="1.084" tests="3">
    <testcase classname=" should not throw 404 while calling get endpoint" name=" should not throw 404 while calling get endpoint" time="0.027">
    </testcase>
    <testcase classname=" should not throw 401 not authorized if token invalid" name=" should not throw 401 not authorized if token invalid" time="0.018">
    </testcase>
    <testcase classname=" should not throw data while calling get endpoint" name=" should not throw data while calling get endpoint" time="0.144">
    </testcase>
  </testsuite>
  <testsuite name="undefined" errors="0" failures="0" skipped="0" timestamp="2021-09-28T18:05:50" time="1.032" tests="8">
    <testcase classname=" should not throw 404 when hitting signup endpoint" name=" should not throw 404 when hitting signup endpoint" time="0.026">
    </testcase>
    <testcase classname=" should throw 400 status when name is empty" name=" should throw 400 status when name is empty" time="0.014">
    </testcase>
    <testcase classname=" should throw 400 status when email is empty" name=" should throw 400 status when email is empty" time="0.009">
    </testcase>
    <testcase classname=" should throw 400 status when email is invalid" name=" should throw 400 status when email is invalid" time="0.008">
    </testcase>
    <testcase classname=" should throw 400 status when password is empty" name=" should throw 400 status when password is empty" time="0.007">
    </testcase>
    <testcase classname=" should throw 400 status when email is already taken" name=" should throw 400 status when email is already taken" time="0.083">
    </testcase>
    <testcase classname=" password should be hashed when signup" name=" password should be hashed when signup" time="0.078">
    </testcase>
    <testcase classname=" should throw 201 status when  user created succesfully" name=" should throw 201 status when  user created succesfully" time="0.087">
    </testcase>
  </testsuite>
  <testsuite name="undefined" errors="0" failures="0" skipped="0" timestamp="2021-09-28T18:05:51" time="0.816" tests="4">
    <testcase classname=" should not throw 404 while calling get endpoint" name=" should not throw 404 while calling get endpoint" time="0.027">
    </testcase>
    <testcase classname=" should throw 401 if token not given" name=" should throw 401 if token not given" time="0.016">
    </testcase>
    <testcase classname=" should throw 400 if expense not found" name=" should throw 400 if expense not found" time="0.105">
    </testcase>
    <testcase classname=" should throw 200 and successfully update expense" name=" should throw 200 and successfully update expense" time="0.126">
    </testcase>
  </testsuite>
  <testsuite name="undefined" errors="0" failures="0" skipped="0" timestamp="2021-09-28T18:05:42" time="9.814" tests="11">
    <testcase classname=" should not throw 404 while calling create endpoint" name=" should not throw 404 while calling create endpoint" time="0.068">
    </testcase>
    <testcase classname=" should throw 401 error if token isnot provided" name=" should throw 401 error if token isnot provided" time="0.025">
    </testcase>
    <testcase classname=" should throw 401 error if token is invalid" name=" should throw 401 error if token is invalid" time="0.017">
    </testcase>
    <testcase classname=" should throw 400 error if name isnot provided" name=" should throw 400 error if name isnot provided" time="0.168">
    </testcase>
    <testcase classname=" should throw 400 error if amount isnot provided" name=" should throw 400 error if amount isnot provided" time="0.117">
    </testcase>
    <testcase classname=" should throw 400 error if date isnot provided" name=" should throw 400 error if date isnot provided" time="0.102">
    </testcase>
    <testcase classname=" should throw 400 error if bankid isnot provided" name=" should throw 400 error if bankid isnot provided" time="0.09">
    </testcase>
    <testcase classname=" should throw 400 error if bank isnot found" name=" should throw 400 error if bank isnot found" time="0.114">
    </testcase>
    <testcase classname=" should throw if bank amount is less than transistion" name=" should throw if bank amount is less than transistion" time="0.108">
    </testcase>
    <testcase classname=" should deduct amount from bank afet sucessful transistion creation" name=" should deduct amount from bank afet sucessful transistion creation" time="0.134">
    </testcase>
    <testcase classname=" should sucessfully create transision  " name=" should sucessfully create transision  " time="0.113">
    </testcase>
  </testsuite>
  <testsuite name="undefined" errors="0" failures="0" skipped="0" timestamp="2021-09-28T18:05:52" time="1.194" tests="8">
    <testcase classname=" should not throw 404 while calling signin endpoint" name=" should not throw 404 while calling signin endpoint" time="0.035">
    </testcase>
    <testcase classname=" should throw 401 error if token isnot provided" name=" should throw 401 error if token isnot provided" time="0.024">
    </testcase>
    <testcase classname=" should throw 401 error if token is invalid" name=" should throw 401 error if token is invalid" time="0.015">
    </testcase>
    <testcase classname=" should throw 400 error if name isnot provided" name=" should throw 400 error if name isnot provided" time="0.117">
    </testcase>
    <testcase classname=" should throw 400 error if amount isnot provided" name=" should throw 400 error if amount isnot provided" time="0.087">
    </testcase>
    <testcase classname=" should throw 400 error if date is absent" name=" should throw 400 error if date is absent" time="0.087">
    </testcase>
    <testcase classname=" shouldthrow 201 if data created successfull" name=" shouldthrow 201 if data created successfull" time="0.083">
    </testcase>
    <testcase classname=" should throw 201 and should have data if data created successfull" name=" should throw 201 and should have data if data created successfull" time="0.083">
    </testcase>
  </testsuite>
  <testsuite name="undefined" errors="0" failures="0" skipped="0" timestamp="2021-09-28T18:05:52" time="1.735" tests="8">
    <testcase classname=" should not throw 404 while calling signin endpoint" name=" should not throw 404 while calling signin endpoint" time="0.063">
    </testcase>
    <testcase classname=" should throw 400 when email is missing" name=" should throw 400 when email is missing" time="0.017">
    </testcase>
    <testcase classname=" should throw 400 when password is missing" name=" should throw 400 when password is missing" time="0.036">
    </testcase>
    <testcase classname=" should throw 400 when email and password are missing" name=" should throw 400 when email and password are missing" time="0.017">
    </testcase>
    <testcase classname=" should throw 400 when when when is not register" name=" should throw 400 when when when is not register" time="0.016">
    </testcase>
    <testcase classname=" fails when an incorrect password is supplied" name=" fails when an incorrect password is supplied" time="0.228">
    </testcase>
    <testcase classname=" responds with a access token when given valid credentials" name=" responds with a access token when given valid credentials" time="0.184">
    </testcase>
    <testcase classname=" should have lastLogged in field when new user login" name=" should have lastLogged in field when new user login" time="0.144">
    </testcase>
  </testsuite>
  <testsuite name="undefined" errors="0" failures="0" skipped="0" timestamp="2021-09-28T18:05:53" time="0.93" tests="4">
    <testcase classname=" should not throw 404 while calling create endpoint" name=" should not throw 404 while calling create endpoint" time="0.028">
    </testcase>
    <testcase classname=" should throw 401 if token not given" name=" should throw 401 if token not given" time="0.015">
    </testcase>
    <testcase classname=" should not throw 400 not found if expense of that id isnot found" name=" should not throw 400 not found if expense of that id isnot found" time="0.113">
    </testcase>
    <testcase classname=" should not throw null if successful deleted" name=" should not throw null if successful deleted" time="0.097">
    </testcase>
  </testsuite>
</testsuites>