<?xml version="1.0" encoding="UTF-8"?>
<testsuites name="jest tests" tests="6" failures="0" errors="0" time="8.815">
  <testsuite name="undefined" errors="0" failures="0" skipped="0" timestamp="2021-10-22T17:58:01" time="8.725" tests="6">
    <testcase classname=" should not throw 404 while calling create endpoint" name=" should not throw 404 while calling create endpoint" time="0.051">
    </testcase>
    <testcase classname=" should throw 401 error if token isnot provided" name=" should throw 401 error if token isnot provided" time="0.016">
    </testcase>
    <testcase classname=" should throw 401 error if token is invalid" name=" should throw 401 error if token is invalid" time="0.011">
    </testcase>
    <testcase classname=" should throw 400 if bank of that id not found" name=" should throw 400 if bank of that id not found" time="0.135">
    </testcase>
    <testcase classname=" should return updated name and interest" name=" should return updated name and interest" time="0.103">
    </testcase>
    <testcase classname=" should return updated active status" name=" should return updated active status" time="0.097">
    </testcase>
  </testsuite>
</testsuites>