<?xml version="1.0" encoding="UTF-8"?>
<testsuites name="jest tests" tests="43" failures="0" errors="0" time="15.26">
  <testsuite name="undefined" errors="0" failures="0" skipped="0" timestamp="2021-09-27T18:03:33" time="10.635" tests="8">
    <testcase classname=" should not throw 404 while calling signin endpoint" name=" should not throw 404 while calling signin endpoint" time="0.118">
    </testcase>
    <testcase classname=" should throw 400 when email is missing" name=" should throw 400 when email is missing" time="0.017">
    </testcase>
    <testcase classname=" should throw 400 when password is missing" name=" should throw 400 when password is missing" time="0.045">
    </testcase>
    <testcase classname=" should throw 400 when email and password are missing" name=" should throw 400 when email and password are missing" time="0.011">
    </testcase>
    <testcase classname=" should throw 400 when when when is not register" name=" should throw 400 when when when is not register" time="0.021">
    </testcase>
    <testcase classname=" fails when an incorrect password is supplied" name=" fails when an incorrect password is supplied" time="0.25">
    </testcase>
    <testcase classname=" responds with a access token when given valid credentials" name=" responds with a access token when given valid credentials" time="0.232">
    </testcase>
    <testcase classname=" should have lastLogged in field when new user login" name=" should have lastLogged in field when new user login" time="0.215">
    </testcase>
  </testsuite>
  <testsuite name="undefined" errors="0" failures="0" skipped="0" timestamp="2021-09-27T18:03:33" time="10.676" tests="8">
    <testcase classname=" should not throw 404 when hitting signup endpoint" name=" should not throw 404 when hitting signup endpoint" time="0.073">
    </testcase>
    <testcase classname=" should throw 400 status when name is empty" name=" should throw 400 status when name is empty" time="0.037">
    </testcase>
    <testcase classname=" should throw 400 status when email is empty" name=" should throw 400 status when email is empty" time="0.013">
    </testcase>
    <testcase classname=" should throw 400 status when email is invalid" name=" should throw 400 status when email is invalid" time="0.015">
    </testcase>
    <testcase classname=" should throw 400 status when password is empty" name=" should throw 400 status when password is empty" time="0.012">
    </testcase>
    <testcase classname=" should throw 400 status when email is already taken" name=" should throw 400 status when email is already taken" time="0.192">
    </testcase>
    <testcase classname=" password should be hashed when signup" name=" password should be hashed when signup" time="0.111">
    </testcase>
    <testcase classname=" should throw 201 status when  user created succesfully" name=" should throw 201 status when  user created succesfully" time="0.13">
    </testcase>
  </testsuite>
  <testsuite name="undefined" errors="0" failures="0" skipped="0" timestamp="2021-09-27T18:03:43" time="1.318" tests="3">
    <testcase classname=" should not throw 404 while calling get endpoint" name=" should not throw 404 while calling get endpoint" time="0.057">
    </testcase>
    <testcase classname=" should not throw 401 not authorized if token invalid" name=" should not throw 401 not authorized if token invalid" time="0.02">
    </testcase>
    <testcase classname=" should not throw data while calling get endpoint" name=" should not throw data while calling get endpoint" time="0.138">
    </testcase>
  </testsuite>
  <testsuite name="undefined" errors="0" failures="0" skipped="0" timestamp="2021-09-27T18:03:43" time="1.986" tests="8">
    <testcase classname=" should not throw 404 while calling signin endpoint" name=" should not throw 404 while calling signin endpoint" time="0.035">
    </testcase>
    <testcase classname=" should throw 401 error if token isnot provided" name=" should throw 401 error if token isnot provided" time="0.023">
    </testcase>
    <testcase classname=" should throw 401 error if token is invalid" name=" should throw 401 error if token is invalid" time="0.01">
    </testcase>
    <testcase classname=" should throw 400 error if name isnot provided" name=" should throw 400 error if name isnot provided" time="0.182">
    </testcase>
    <testcase classname=" should throw 400 error if amount isnot provided" name=" should throw 400 error if amount isnot provided" time="0.155">
    </testcase>
    <testcase classname=" should throw 400 error if date is absent" name=" should throw 400 error if date is absent" time="0.111">
    </testcase>
    <testcase classname=" shouldthrow 201 if data created successfull" name=" shouldthrow 201 if data created successfull" time="0.141">
    </testcase>
    <testcase classname=" should throw 201 and should have data if data created successfull" name=" should throw 201 and should have data if data created successfull" time="0.129">
    </testcase>
  </testsuite>
  <testsuite name="undefined" errors="0" failures="0" skipped="0" timestamp="2021-09-27T18:03:45" time="1.116" tests="4">
    <testcase classname=" should not throw 404 while calling get endpoint" name=" should not throw 404 while calling get endpoint" time="0.036">
    </testcase>
    <testcase classname=" should throw 401 if token not given" name=" should throw 401 if token not given" time="0.016">
    </testcase>
    <testcase classname=" should throw 400 if expense not found" name=" should throw 400 if expense not found" time="0.139">
    </testcase>
    <testcase classname=" should throw 200 and successfully update expense" name=" should throw 200 and successfully update expense" time="0.171">
    </testcase>
  </testsuite>
  <testsuite name="undefined" errors="0" failures="0" skipped="0" timestamp="2021-09-27T18:03:45" time="1.443" tests="8">
    <testcase classname=" should not throw 404 while calling create endpoint" name=" should not throw 404 while calling create endpoint" time="0.038">
    </testcase>
    <testcase classname=" should throw 401 error if token isnot provided" name=" should throw 401 error if token isnot provided" time="0.014">
    </testcase>
    <testcase classname=" should throw 401 error if token is invalid" name=" should throw 401 error if token is invalid" time="0.013">
    </testcase>
    <testcase classname=" should throw 400 error if name isnot provided" name=" should throw 400 error if name isnot provided" time="0.131">
    </testcase>
    <testcase classname=" should throw 400 error if amount isnot provided" name=" should throw 400 error if amount isnot provided" time="0.152">
    </testcase>
    <testcase classname=" should throw 400 error if date is absent" name=" should throw 400 error if date is absent" time="0.096">
    </testcase>
    <testcase classname=" shouldthrow 201 if data created successfull" name=" shouldthrow 201 if data created successfull" time="0.13">
    </testcase>
    <testcase classname=" should throw 201 and should have data if data created successfull" name=" should throw 201 and should have data if data created successfull" time="0.124">
    </testcase>
  </testsuite>
  <testsuite name="undefined" errors="0" failures="0" skipped="0" timestamp="2021-09-27T18:03:46" time="1.044" tests="4">
    <testcase classname=" should not throw 404 while calling create endpoint" name=" should not throw 404 while calling create endpoint" time="0.027">
    </testcase>
    <testcase classname=" should throw 401 if token not given" name=" should throw 401 if token not given" time="0.019">
    </testcase>
    <testcase classname=" should not throw 400 not found if expense of that id isnot found" name=" should not throw 400 not found if expense of that id isnot found" time="0.134">
    </testcase>
    <testcase classname=" should not throw null if successful deleted" name=" should not throw null if successful deleted" time="0.159">
    </testcase>
  </testsuite>
</testsuites>