<?xml version="1.0" encoding="UTF-8"?>
<testsuites name="jest tests" tests="5" failures="0" errors="0" time="16.756">
  <testsuite name="undefined" errors="0" failures="0" skipped="0" timestamp="2021-10-22T18:21:04" time="15.806" tests="5">
    <testcase classname=" should not throw 404 while calling get endpoint" name=" should not throw 404 while calling get endpoint" time="0.029">
    </testcase>
    <testcase classname=" should not throw 401 not authorized if token invalid" name=" should not throw 401 not authorized if token invalid" time="0.018">
    </testcase>
    <testcase classname=" should throw data while calling get endpoint" name=" should throw data while calling get endpoint" time="0.238">
    </testcase>
    <testcase classname=" should return results and total and both should be number" name=" should return results and total and both should be number" time="0.196">
    </testcase>
    <testcase classname=" should return exact limit data provided in query" name=" should return exact limit data provided in query" time="0.108">
    </testcase>
  </testsuite>
</testsuites>