<?xml version="1.0" encoding="UTF-8"?>
<testsuites name="jest tests" tests="8" failures="0" errors="0" time="7.668">
  <testsuite name="undefined" errors="0" failures="0" skipped="0" timestamp="2021-11-07T17:07:58" time="7.578" tests="8">
    <testcase classname=" should not throw 404 while calling signin endpoint" name=" should not throw 404 while calling signin endpoint" time="0.094">
    </testcase>
    <testcase classname=" should throw 400 when email is missing" name=" should throw 400 when email is missing" time="0.014">
    </testcase>
    <testcase classname=" should throw 400 when password is missing" name=" should throw 400 when password is missing" time="0.016">
    </testcase>
    <testcase classname=" should throw 400 if user isn&apos;t found" name=" should throw 400 if user isn&apos;t found" time="0.053">
    </testcase>
    <testcase classname=" should throw 400 if password isn&apos;t matching" name=" should throw 400 if password isn&apos;t matching" time="0.14">
    </testcase>
    <testcase classname=" user should contain valid role i.e role from database" name=" user should contain valid role i.e role from database" time="0.171">
    </testcase>
    <testcase classname=" accessToken should be returned" name=" accessToken should be returned" time="0.222">
    </testcase>
    <testcase classname=" accessToken decoded should contain id and email of that user" name=" accessToken decoded should contain id and email of that user" time="0.143">
    </testcase>
  </testsuite>
</testsuites>