<?xml version="1.0" encoding="UTF-8"?>
<testsuites name="jest tests" tests="20" failures="0" errors="0" time="9.991">
  <testsuite name="undefined" errors="0" failures="0" skipped="0" timestamp="2021-11-07T17:08:24" time="9.258" tests="12">
    <testcase classname=" should not throw 404 while calling signup endpoint" name=" should not throw 404 while calling signup endpoint" time="0.074">
    </testcase>
    <testcase classname=" should throw 400 when name is missing" name=" should throw 400 when name is missing" time="0.03">
    </testcase>
    <testcase classname=" should throw 400 when email is missing" name=" should throw 400 when email is missing" time="0.012">
    </testcase>
    <testcase classname=" should throw 400 when password is missing" name=" should throw 400 when password is missing" time="0.014">
    </testcase>
    <testcase classname=" should throw 400 when valid email is not provided" name=" should throw 400 when valid email is not provided" time="0.015">
    </testcase>
    <testcase classname=" should throw 400 when valid password is less than 6" name=" should throw 400 when valid password is less than 6" time="0.014">
    </testcase>
    <testcase classname=" should throw 400 when valid password is less than 20" name=" should throw 400 when valid password is less than 20" time="0.014">
    </testcase>
    <testcase classname=" should throw 400 if email already in use" name=" should throw 400 if email already in use" time="0.2">
    </testcase>
    <testcase classname=" user should contain valid role i.e role from database" name=" user should contain valid role i.e role from database" time="0.1">
    </testcase>
    <testcase classname=" user email should not be verified if created normally" name=" user email should not be verified if created normally" time="0.1">
    </testcase>
    <testcase classname=" accessToken should be returned" name=" accessToken should be returned" time="0.123">
    </testcase>
    <testcase classname=" accessToken decoded should contain id and email of that user" name=" accessToken decoded should contain id and email of that user" time="0.096">
    </testcase>
  </testsuite>
  <testsuite name="undefined" errors="0" failures="0" skipped="0" timestamp="2021-11-07T17:08:24" time="9.403" tests="8">
    <testcase classname=" should not throw 404 while calling signin endpoint" name=" should not throw 404 while calling signin endpoint" time="0.087">
    </testcase>
    <testcase classname=" should throw 400 when email is missing" name=" should throw 400 when email is missing" time="0.014">
    </testcase>
    <testcase classname=" should throw 400 when password is missing" name=" should throw 400 when password is missing" time="0.018">
    </testcase>
    <testcase classname=" should throw 400 if user isn&apos;t found" name=" should throw 400 if user isn&apos;t found" time="0.048">
    </testcase>
    <testcase classname=" should throw 400 if password isn&apos;t matching" name=" should throw 400 if password isn&apos;t matching" time="0.184">
    </testcase>
    <testcase classname=" user should contain valid role i.e role from database" name=" user should contain valid role i.e role from database" time="0.215">
    </testcase>
    <testcase classname=" accessToken should be returned" name=" accessToken should be returned" time="0.21">
    </testcase>
    <testcase classname=" accessToken decoded should contain id and email of that user" name=" accessToken decoded should contain id and email of that user" time="0.183">
    </testcase>
  </testsuite>
</testsuites>