<?xml version="1.0" encoding="UTF-8"?>
<testsuites name="jest tests" tests="6" failures="0" errors="0" time="12.668">
  <testsuite name="undefined" errors="0" failures="0" skipped="0" timestamp="2021-10-26T03:28:07" time="12.529" tests="6">
    <testcase classname=" should not throw 404 while calling create endpoint" name=" should not throw 404 while calling create endpoint" time="0.095">
    </testcase>
    <testcase classname=" should throw 401 error if token isnot provided" name=" should throw 401 error if token isnot provided" time="0.041">
    </testcase>
    <testcase classname=" should throw 401 error if token is invalid" name=" should throw 401 error if token is invalid" time="0.022">
    </testcase>
    <testcase classname=" should throw 400 if bank of that id not found" name=" should throw 400 if bank of that id not found" time="0.214">
    </testcase>
    <testcase classname=" should return updated name and interest" name=" should return updated name and interest" time="0.182">
    </testcase>
    <testcase classname=" should return updated active status" name=" should return updated active status" time="0.248">
    </testcase>
  </testsuite>
</testsuites>